Traceback (most recent call last):
  File "C:\Users\sohky\AppData\Local\Programs\Python\Python312\Lib\site-packages\jupyter_cache\executors\utils.py", line 58, in single_nb_execution
    executenb(
  File "C:\Users\sohky\AppData\Local\Programs\Python\Python312\Lib\site-packages\nbclient\client.py", line 1319, in execute
    return NotebookClient(nb=nb, resources=resources, km=km, **kwargs).execute()
           ^^^^^^^^^^^^^^^^^^^^^^^^^^^^^^^^^^^^^^^^^^^^^^^^^^^^^^^^^^^^^^^^^^^^^
  File "C:\Users\sohky\AppData\Local\Programs\Python\Python312\Lib\site-packages\jupyter_core\utils\__init__.py", line 165, in wrapped
    return loop.run_until_complete(inner)
           ^^^^^^^^^^^^^^^^^^^^^^^^^^^^^^
  File "C:\Users\sohky\AppData\Local\Programs\Python\Python312\Lib\asyncio\base_events.py", line 687, in run_until_complete
    return future.result()
           ^^^^^^^^^^^^^^^
  File "C:\Users\sohky\AppData\Local\Programs\Python\Python312\Lib\site-packages\nbclient\client.py", line 709, in async_execute
    await self.async_execute_cell(
  File "C:\Users\sohky\AppData\Local\Programs\Python\Python312\Lib\site-packages\nbclient\client.py", line 1062, in async_execute_cell
    await self._check_raise_for_error(cell, cell_index, exec_reply)
  File "C:\Users\sohky\AppData\Local\Programs\Python\Python312\Lib\site-packages\nbclient\client.py", line 918, in _check_raise_for_error
    raise CellExecutionError.from_cell_and_msg(cell, exec_reply_content)
nbclient.exceptions.CellExecutionError: An error occurred while executing the following cell:
------------------
# 1. Classes and Objects:
# A class is a blueprint for creating objects. An object is an instance of a class. 
# You can define attributes (data) and methods (functions) within a class.
class Dog:
    def __init__(self, name, age): # Constructor method to initialize the object
        self.name = name  # Attribute
        self.age = age    # Attribute

    def bark(self):  # Method
        return f"{self.name} says Woof!"
    
# Creating an object (instance) of the Dog class
my_dog = Dog("Buddy", 3)
print(my_dog.name)  # Output: Buddy
print(my_dog.age)   # Output: 3
print(my_dog.bark()) # Output: Buddy says Woof!

# 2. Inheritance:
# Inheritance allows a new class (child class) to inherit
# attributes and methods from an existing class (parent class).
# This promotes code reusability.
class Animal:
    def __init__(self, name):
        self.name = name

    def speak(self):
        return f"{self.name} makes a sound."
    
class Cat(Animal):  # Cat inherits from Animal
    def speak(self):
        return f"{self.name} says Meow!"
    
my_cat = Cat("Whiskers")
print(my_cat.name)  # Output: Whiskers
print(my_cat.speak()) # Output: Whiskers says Meow!

# 3. Encapsulation:
# Encapsulation is the bundling of data and methods that operate on that data within a single unit (class). 
# It restricts direct access to some of an object's components, which is a way of preventing accidental interference and misuse.
class BankAccount:
    def __init__(self, owner, balance=0):
        self.owner = owner
        self.__balance = balance  # Private attribute

    def deposit(self, amount):
        if amount > 0:
            self.__balance += amount
            return f"Deposited {amount}. New balance: {self.__balance}"
        else:
            return "Deposit amount must be positive."

    def withdraw(self, amount):
        if 0 < amount <= self.__balance:
            self.__balance -= amount
            return f"Withdrew {amount}. New balance: {self.__balance}"
        else:
            return "Insufficient funds or invalid withdrawal amount."
        
account = BankAccount("Alice")
print(account.deposit(100))  # Output: Deposited 100. New balance: 100
print(account.withdraw(30))   # Output: Withdrew 30. New balance: 70
print(account.__balance)  # This will raise an AttributeError because __balance is private

# 4. Polymorphism:
# Polymorphism allows for using a single interface to represent different underlying data types. 
# In Python this can be achieved through method overriding and duck typing.
class Bird:
    def speak(self):
        return "Some sound"
class Sparrow(Bird):
    def speak(self):
        return "Chirp!"
class Parrot(Bird):
    def speak(self):
        return "Squawk!"
def make_bird_speak(bird):
    print(bird.speak())

sparrow = Sparrow()
parrot = Parrot()
make_bird_speak(sparrow)  # Output: Chirp!
make_bird_speak(parrot)   # Output: Squawk!
------------------

----- stdout -----
Buddy
3
Buddy says Woof!
Whiskers
Whiskers says Meow!
Deposited 100. New balance: 100
Withdrew 30. New balance: 70
------------------

[31m---------------------------------------------------------------------------[39m
[31mAttributeError[39m                            Traceback (most recent call last)
[36mCell[39m[36m [39m[32mIn[1][39m[32m, line 62[39m
[32m     60[39m [38;5;28mprint[39m(account.deposit([32m100[39m))  [38;5;66;03m# Output: Deposited 100. New balance: 100[39;00m
[32m     61[39m [38;5;28mprint[39m(account.withdraw([32m30[39m))   [38;5;66;03m# Output: Withdrew 30. New balance: 70[39;00m
[32m---> [39m[32m62[39m [38;5;28mprint[39m([43maccount[49m[43m.[49m[43m__balance[49m)  [38;5;66;03m# This will raise an AttributeError because __balance is private[39;00m
[32m     64[39m [38;5;66;03m# 4. Polymorphism:[39;00m
[32m     65[39m [38;5;66;03m# Polymorphism allows for using a single interface to represent different underlying data types. [39;00m
[32m     66[39m [38;5;66;03m# In Python this can be achieved through method overriding and duck typing.[39;00m
[32m     67[39m [38;5;28;01mclass[39;00m[38;5;250m [39m[34;01mBird[39;00m:

[31mAttributeError[39m: 'BankAccount' object has no attribute '__balance'

