Traceback (most recent call last):
  File "C:\Users\sohky\AppData\Local\Programs\Python\Python312\Lib\site-packages\jupyter_cache\executors\utils.py", line 58, in single_nb_execution
    executenb(
  File "C:\Users\sohky\AppData\Local\Programs\Python\Python312\Lib\site-packages\nbclient\client.py", line 1319, in execute
    return NotebookClient(nb=nb, resources=resources, km=km, **kwargs).execute()
           ^^^^^^^^^^^^^^^^^^^^^^^^^^^^^^^^^^^^^^^^^^^^^^^^^^^^^^^^^^^^^^^^^^^^^
  File "C:\Users\sohky\AppData\Local\Programs\Python\Python312\Lib\site-packages\jupyter_core\utils\__init__.py", line 165, in wrapped
    return loop.run_until_complete(inner)
           ^^^^^^^^^^^^^^^^^^^^^^^^^^^^^^
  File "C:\Users\sohky\AppData\Local\Programs\Python\Python312\Lib\asyncio\base_events.py", line 687, in run_until_complete
    return future.result()
           ^^^^^^^^^^^^^^^
  File "C:\Users\sohky\AppData\Local\Programs\Python\Python312\Lib\site-packages\nbclient\client.py", line 709, in async_execute
    await self.async_execute_cell(
  File "C:\Users\sohky\AppData\Local\Programs\Python\Python312\Lib\site-packages\nbclient\client.py", line 1062, in async_execute_cell
    await self._check_raise_for_error(cell, cell_index, exec_reply)
  File "C:\Users\sohky\AppData\Local\Programs\Python\Python312\Lib\site-packages\nbclient\client.py", line 918, in _check_raise_for_error
    raise CellExecutionError.from_cell_and_msg(cell, exec_reply_content)
nbclient.exceptions.CellExecutionError: An error occurred while executing the following cell:
------------------
ind[0] = 0
------------------


[31m---------------------------------------------------------------------------[39m
[31mTypeError[39m                                 Traceback (most recent call last)
[36mCell[39m[36m [39m[32mIn[42][39m[32m, line 1[39m
[32m----> [39m[32m1[39m [43mind[49m[43m[[49m[32;43m0[39;49m[43m][49m = [32m0[39m

[36mFile [39m[32m~\AppData\Local\Programs\Python\Python312\Lib\site-packages\pandas\core\indexes\base.py:5371[39m, in [36mIndex.__setitem__[39m[34m(self, key, value)[39m
[32m   5369[39m [38;5;129m@final[39m
[32m   5370[39m [38;5;28;01mdef[39;00m[38;5;250m [39m[34m__setitem__[39m([38;5;28mself[39m, key, value) -> [38;5;28;01mNone[39;00m:
[32m-> [39m[32m5371[39m     [38;5;28;01mraise[39;00m [38;5;167;01mTypeError[39;00m([33m"[39m[33mIndex does not support mutable operations[39m[33m"[39m)

[31mTypeError[39m: Index does not support mutable operations

